/vol/synopsys/syn/auxx/gui/dv/dv_setup.tcl
/vol/synopsys/syn/auxx/gui/syn/snpsSynProcs.tcl
/vol/synopsys/syn/auxx/tcllib/lib/tcl8.4/package.tcl
/vol/synopsys/syn/auxx/gui/syn/layout/pkgIndex.tcl
/vol/synopsys/syn/auxx/gui/common/setup/pkgIndex.tcl
/vol/synopsys/syn/auxx/gui/common/WindowFrameWork/pkgIndex.tcl
/vol/synopsys/syn/auxx/gui/common/hierarchy/pkgIndex.tcl
/vol/synopsys/syn/auxx/gui/common/qtcl/pkgIndex.tcl
/vol/synopsys/syn/auxx/gui/common/pathinspector/pkgIndex.tcl
/vol/synopsys/syn/auxx/gui/common/layout/pkgIndex.tcl
/vol/synopsys/syn/auxx/gui/common/dialogs/pkgIndex.tcl
/vol/synopsys/syn/auxx/gui/common/highlight/pkgIndex.tcl
/vol/synopsys/syn/auxx/gui/common/opdlg/pkgIndex.tcl
/vol/synopsys/syn/auxx/gui/common/fanoutviewer/pkgIndex.tcl
/vol/synopsys/syn/auxx/gui/common/misc/pkgIndex.tcl
/vol/synopsys/syn/auxx/gui/common/table/pkgIndex.tcl
/vol/synopsys/syn/auxx/gui/common/profiler/pkgIndex.tcl
/vol/synopsys/syn/auxx/gui/common/menus/pkgIndex.tcl
/vol/synopsys/syn/auxx/gui/common/tcl-dp/pkgIndex.tcl
/vol/synopsys/syn/auxx/gui/common/schematic/pkgIndex.tcl
/vol/synopsys/syn/auxx/gui/common/view/pkgIndex.tcl
/vol/synopsys/syn/auxx/gui/common/docBrowser/pkgIndex.tcl
/vol/synopsys/syn/auxx/gui/common/libviewer/pkgIndex.tcl
/vol/synopsys/syn/auxx/gui/common/select/pkgIndex.tcl
/vol/synopsys/syn/auxx/gui/common/strokes/pkgIndex.tcl
/vol/synopsys/syn/auxx/gui/common/regressionToolkit/pkgIndex.tcl
/vol/synopsys/syn/auxx/gui/common/histogram/pkgIndex.tcl
/vol/synopsys/syn/auxx/tcllib/snps_tcl/snpsTclPro/pkgIndex.tcl
/vol/synopsys/syn/auxx/tcllib/snps_tcl/snpsUtils/pkgIndex.tcl
/vol/synopsys/syn/auxx/tcllib/snps_tcl/snpsTest/pkgIndex.tcl
/vol/synopsys/syn/auxx/tcllib/lib/tcl8.4/http1.0/pkgIndex.tcl
/vol/synopsys/syn/auxx/tcllib/lib/tcl8.4/reg/pkgIndex.tcl
/vol/synopsys/syn/auxx/tcllib/lib/tcl8.4/msgcat/pkgIndex.tcl
/vol/synopsys/syn/auxx/tcllib/lib/tcl8.4/opt/pkgIndex.tcl
/vol/synopsys/syn/auxx/tcllib/lib/tcl8.4/dde/pkgIndex.tcl
/vol/synopsys/syn/auxx/tcllib/lib/tcl8.4/http/pkgIndex.tcl
/vol/synopsys/syn/auxx/tcllib/lib/tcl8.4/tcltest/pkgIndex.tcl
/vol/synopsys/syn/auxx/gui/common/setup/snpsCommonSetup.tcl
/vol/synopsys/syn/auxx/gui/common/setup/snpsCustomize.tcl
/vol/synopsys/syn/auxx/gui/common/setup/snpsProcheck.tcl
/vol/synopsys/syn/auxx/gui/common/qtcl/.synopsys_qtcl.tcl
/vol/synopsys/syn/auxx/gui/common/highlight/highlight.tcl
/vol/synopsys/syn/auxx/gui/common/misc/base.tcl
/vol/synopsys/syn/auxx/gui/common/misc/timing.tcl
/vol/synopsys/syn/auxx/gui/common/misc/setting.tcl
/vol/synopsys/syn/auxx/gui/common/docBrowser/docBrowser.tcl
/vol/synopsys/syn/auxx/tcllib/snps_tcl/snpsUtils/snpsUtils.tcl
/vol/synopsys/syn/auxx/gui/common/WindowFrameWork/windowFrameWork.tcl
/vol/synopsys/syn/auxx/gui/common/WindowFrameWork/skipBusyCursorCmdList.tcl
/vol/synopsys/syn/auxx/gui/common/dialogs/ObjectChooser.tcl
/vol/synopsys/syn/auxx/gui/common/misc/DialogObjectChooser.tcl
/vol/synopsys/syn/auxx/gui/common/dialogs/HistBinInformation.tcl
/vol/synopsys/syn/auxx/gui/common/dialogs/HistBin1Information.tcl
/vol/synopsys/syn/auxx/gui/common/dialogs/BinsOnlyInformation.tcl
/vol/synopsys/syn/auxx/gui/common/dialogs/FileChooser.tcl
/vol/synopsys/syn/auxx/gui/common/dialogs/PathPinSimpleInfo.tcl
/vol/synopsys/syn/auxx/gui/common/dialogs/PathsBasicInfo.tcl
/vol/synopsys/syn/auxx/gui/common/dialogs/PathsBasicSimpleInfo.tcl
/vol/synopsys/syn/auxx/gui/common/dialogs/SlctOperationInfo.tcl
/vol/synopsys/syn/auxx/gui/common/dialogs/ObjectListInfo.tcl
/vol/synopsys/syn/auxx/gui/common/dialogs/FanInOutInfo.tcl
/vol/synopsys/syn/auxx/gui/common/dialogs/NumberOfLevelsChooser.tcl
/vol/synopsys/syn/auxx/gui/common/dialogs/WindowReuseInfo.tcl
/vol/synopsys/syn/auxx/gui/common/dialogs/ReportOutputOptionInfo.tcl
/vol/synopsys/syn/auxx/gui/common/setup/snpsCollections.tcl
/vol/synopsys/syn/auxx/gui/common/dialogs/CompileLinkDesign.tcl
/vol/synopsys/syn/auxx/gui/common/histogram/DialogEndpointSlack.tcl
/vol/synopsys/syn/auxx/gui/common/histogram/DialogPathsSlack.tcl
/vol/synopsys/syn/auxx/gui/common/histogram/DialogNetCapacitance.tcl
/vol/synopsys/syn/auxx/gui/common/schematic/DialogPathSchematicFanInOut.tcl
/vol/synopsys/syn/auxx/gui/common/schematic/DialogPathSchematicAddPaths.tcl
/files1/home/rjobson/synth/run.tcl
/files1/home/rjobson/synth/user_cfg.tcl
/files1/home/rjobson/synth/project_cfg.tcl
/vol/synopsys/syn/libraries/syn/gtech.db
/vol/synopsys/syn/libraries/syn/standard.sldb
/files1/home/rjobson/synth/fpu.v
/files1/home/rjobson/synth/except.v
/files1/home/rjobson/synth/post_norm.v
/files1/home/rjobson/synth/pre_norm_fmul.v
/files1/home/rjobson/synth/pre_norm.v
/files1/home/rjobson/synth/primitives.v
/homes/rjobson/synopsys_cache_D-2010.03-SP4/DW01/DW01_ash/mx2/24/5/generic_5019/element.ddc
/homes/rjobson/synopsys_cache_D-2010.03-SP4/DW01/DW01_sub/rpl/25/generic_5019_8167_8167/element.ddc
/homes/rjobson/synopsys_cache_D-2010.03-SP4/DW01/DW01_sub/cla/25/generic_5019_8167_8167/element.ddc
/homes/rjobson/synopsys_cache_D-2010.03-SP4/DW01/DW01_sub/rpl/25/generic_5019/element.ddc
/homes/rjobson/synopsys_cache_D-2010.03-SP4/DW01/DW01_sub/rpl/48/generic_5019_8167_8167/element.ddc
/homes/rjobson/synopsys_cache_D-2010.03-SP4/DW01/DW01_sub/cla/48/generic_5019_8167_8167/element.ddc
/homes/rjobson/synopsys_cache_D-2010.03-SP4/DW01/DW01_sub/rpl/48/generic_5019/element.ddc
/homes/rjobson/synopsys_cache_D-2010.03-SP4/DW01/DW01_cmp2/rpl/8/generic_5019/element.ddc
/homes/rjobson/synopsys_cache_D-2010.03-SP4/DW01/DW01_sub/rpl/8/generic_5019_8167_8167/element.ddc
/homes/rjobson/synopsys_cache_D-2010.03-SP4/DW01/DW01_sub/cla/8/generic_5019_8167_8167/element.ddc
/homes/rjobson/synopsys_cache_D-2010.03-SP4/DW01/DW01_sub/rpl/8/generic_5019/element.ddc
/homes/rjobson/synopsys_cache_D-2010.03-SP4/DW01/DW01_cmp6/rpl/8/generic_5019/element.ddc
/homes/rjobson/synopsys_cache_D-2010.03-SP4/DW01/DW_rash/mx2/27/5/generic_5019_8167_8167/element.ddc
/homes/rjobson/synopsys_cache_D-2010.03-SP4/DW01/DW_rash/mx2/27/5/generic_5019/element.ddc
/homes/rjobson/synopsys_cache_D-2010.03-SP4/DW01/DW01_cmp2/rpl/27/generic_5019/element.ddc
/homes/rjobson/synopsys_cache_D-2010.03-SP4/DW01/DW01_cmp2/rpl/23/generic_5019/element.ddc
/homes/rjobson/synopsys_cache_D-2010.03-SP4/DW01/DW01_cmp6/rpl/23/generic_5019/element.ddc
/homes/rjobson/synopsys_cache_D-2010.03-SP4/DW01/DW01_sub/rpl/9/generic_5019_8167_8167/element.ddc
/homes/rjobson/synopsys_cache_D-2010.03-SP4/DW01/DW01_sub/cla/9/generic_5019_8167_8167/element.ddc
/homes/rjobson/synopsys_cache_D-2010.03-SP4/DW01/DW01_sub/rpl/9/generic_5019/element.ddc
/homes/rjobson/synopsys_cache_D-2010.03-SP4/DW01/DW01_add/rpl/9/generic_5019_8167_8167/element.ddc
/homes/rjobson/synopsys_cache_D-2010.03-SP4/DW01/DW01_add/cla/9/generic_5019_8167_8167/element.ddc
/homes/rjobson/synopsys_cache_D-2010.03-SP4/DW01/DW01_add/rpl/9/generic_5019/element.ddc
/homes/rjobson/synopsys_cache_D-2010.03-SP4/DW01/DW01_inc/rpl/8/generic_5019/element.ddc
/homes/rjobson/synopsys_cache_D-2010.03-SP4/DW01/DW01_dec/rpl/8/generic_5019/element.ddc
/homes/rjobson/synopsys_cache_D-2010.03-SP4/DW01/DW01_cmp2/rpl/9/generic_5019/element.ddc
/homes/rjobson/synopsys_cache_D-2010.03-SP4/DW01/DW01_add/rpl/28/generic_5019_8167_8167/element.ddc
/homes/rjobson/synopsys_cache_D-2010.03-SP4/DW01/DW01_add/cla/28/generic_5019_8167_8167/element.ddc
/homes/rjobson/synopsys_cache_D-2010.03-SP4/DW01/DW01_add/rpl/28/generic_5019/element.ddc
/homes/rjobson/synopsys_cache_D-2010.03-SP4/DW01/DW01_sub/rpl/28/generic_5019_8167_8167/element.ddc
/homes/rjobson/synopsys_cache_D-2010.03-SP4/DW01/DW01_sub/cla/28/generic_5019_8167_8167/element.ddc
/homes/rjobson/synopsys_cache_D-2010.03-SP4/DW01/DW01_sub/rpl/28/generic_5019/element.ddc
/homes/rjobson/synopsys_cache_D-2010.03-SP4/DW02/DW02_mult/csa/24/24/generic_5019/element.ddc
/homes/rjobson/synopsys_cache_D-2010.03-SP4/DW01/DW01_add/cla/46/generic_5019_8167_8167/element.ddc
/homes/rjobson/synopsys_cache_D-2010.03-SP4/DW01/DW01_add/rpl/50/generic_5019_8167_8167/element.ddc
/homes/rjobson/synopsys_cache_D-2010.03-SP4/DW01/DW01_add/cla/50/generic_5019_8167_8167/element.ddc
/homes/rjobson/synopsys_cache_D-2010.03-SP4/DW01/DW01_add/rpl/50/generic_5019/element.ddc
/homes/rjobson/synopsys_cache_D-2010.03-SP4/DW01/DW01_inc/rpl/24/generic_5019/element.ddc
/homes/rjobson/synopsys_cache_D-2010.03-SP4/DW01/DW01_add/rpl/8/generic_5019_8167_8167/element.ddc
/homes/rjobson/synopsys_cache_D-2010.03-SP4/DW01/DW01_add/cla/8/generic_5019_8167_8167/element.ddc
/homes/rjobson/synopsys_cache_D-2010.03-SP4/DW01/DW01_add/rpl/8/generic_5019/element.ddc
/homes/rjobson/synopsys_cache_D-2010.03-SP4/DW01/DW_rash/mx2/48/6/generic_5019_8167_8167/element.ddc
/homes/rjobson/synopsys_cache_D-2010.03-SP4/DW01/DW_rash/mx2/48/6/generic_5019/element.ddc
/homes/rjobson/synopsys_cache_D-2010.03-SP4/DW01/DW01_ash/mx2/48/6/generic_5019/element.ddc
/homes/rjobson/synopsys_cache_D-2010.03-SP4/DW01/DW01_dec/rpl/7/generic_5019/element.ddc
/homes/rjobson/synopsys_cache_D-2010.03-SP4/DW01/DW01_sub/rpl/6/generic_5019_8167_8167/element.ddc
/homes/rjobson/synopsys_cache_D-2010.03-SP4/DW01/DW01_sub/cla/6/generic_5019_8167_8167/element.ddc
/homes/rjobson/synopsys_cache_D-2010.03-SP4/DW01/DW01_sub/rpl/6/generic_5019/element.ddc
/homes/rjobson/synopsys_cache_D-2010.03-SP4/DW01/DW01_inc/rpl/9/generic_5019/element.ddc
/homes/rjobson/synopsys_cache_D-2010.03-SP4/DW01/DW01_dec/rpl/9/generic_5019/element.ddc
/homes/rjobson/synopsys_cache_D-2010.03-SP4/DW01/DW01_ash/mx2/56/8/generic_5019/element.ddc
/homes/rjobson/synopsys_cache_D-2010.03-SP4/DW01/DW01_add/rpl/7/generic_5019_8167_8167/element.ddc
/homes/rjobson/synopsys_cache_D-2010.03-SP4/DW01/DW01_add/cla/7/generic_5019_8167_8167/element.ddc
/homes/rjobson/synopsys_cache_D-2010.03-SP4/DW01/DW01_add/rpl/7/generic_5019/element.ddc
/homes/rjobson/synopsys_cache_D-2010.03-SP4/DW01/DW01_sub/rpl/7/generic_5019_8167_8167/element.ddc
/homes/rjobson/synopsys_cache_D-2010.03-SP4/DW01/DW01_sub/cla/7/generic_5019_8167_8167/element.ddc
/homes/rjobson/synopsys_cache_D-2010.03-SP4/DW01/DW01_sub/rpl/7/generic_5019/element.ddc
/homes/rjobson/synopsys_cache_D-2010.03-SP4/DW01/DW01_cmp2/rpl/6/generic_5019/element.ddc
/homes/rjobson/synopsys_cache_D-2010.03-SP4/DW01/DW01_cmp2/rpl/7/generic_5019/element.ddc
/homes/rjobson/synopsys_cache_D-2010.03-SP4/DW01/DW01_cmp2/rpl/7/NangateOpenCellLibrary_typical_conditional_nldm_2267/element.ddc
/homes/rjobson/synopsys_cache_D-2010.03-SP4/DW01/DW01_cmp2/rpl/8/NangateOpenCellLibrary_typical_conditional_nldm_2267/element.ddc
/homes/rjobson/synopsys_cache_D-2010.03-SP4/DW01/DW01_cmp2/rpl/9/NangateOpenCellLibrary_typical_conditional_nldm_2267/element.ddc
/homes/rjobson/synopsys_cache_D-2010.03-SP4/DW01/DW01_cmp2/rpl/6/NangateOpenCellLibrary_typical_conditional_nldm_2267/element.ddc
/homes/rjobson/synopsys_cache_D-2010.03-SP4/DW01/DW01_sub/rpl/8/NangateOpenCellLibrary_typical_conditional_nldm_2267/element.ddc
/homes/rjobson/synopsys_cache_D-2010.03-SP4/DW01/DW01_dec/rpl/8/NangateOpenCellLibrary_typical_conditional_nldm_2267/element.ddc
/homes/rjobson/synopsys_cache_D-2010.03-SP4/DW01/DW01_inc/rpl/8/NangateOpenCellLibrary_typical_conditional_nldm_2267/element.ddc
/homes/rjobson/synopsys_cache_D-2010.03-SP4/DW01/DW01_sub/rpl/6/NangateOpenCellLibrary_typical_conditional_nldm_2267/element.ddc
/homes/rjobson/synopsys_cache_D-2010.03-SP4/DW01/DW01_ash/mx2/48/6/NangateOpenCellLibrary_typical_conditional_nldm_2267/element.ddc
/homes/rjobson/synopsys_cache_D-2010.03-SP4/DW01/DW_rash/mx2/48/6/NangateOpenCellLibrary_typical_conditional_nldm_2267/element.ddc
/homes/rjobson/synopsys_cache_D-2010.03-SP4/DW01/DW01_sub/rpl/9/NangateOpenCellLibrary_typical_conditional_nldm_2267/element.ddc
/homes/rjobson/synopsys_cache_D-2010.03-SP4/DW01/DW01_ash/mx2/56/8/NangateOpenCellLibrary_typical_conditional_nldm_2267/element.ddc
/homes/rjobson/synopsys_cache_D-2010.03-SP4/DW01/DW01_dec/rpl/9/NangateOpenCellLibrary_typical_conditional_nldm_2267/element.ddc
/homes/rjobson/synopsys_cache_D-2010.03-SP4/DW01/DW01_dec/rpl/7/NangateOpenCellLibrary_typical_conditional_nldm_2267/element.ddc
/homes/rjobson/synopsys_cache_D-2010.03-SP4/DW01/DW01_add/rpl/7/NangateOpenCellLibrary_typical_conditional_nldm_2267/element.ddc
/homes/rjobson/synopsys_cache_D-2010.03-SP4/DW01/DW01_inc/rpl/9/NangateOpenCellLibrary_typical_conditional_nldm_2267/element.ddc
/homes/rjobson/synopsys_cache_D-2010.03-SP4/DW01/DW01_add/rpl/9/NangateOpenCellLibrary_typical_conditional_nldm_2267/element.ddc
/homes/rjobson/synopsys_cache_D-2010.03-SP4/DW01/DW01_add/rpl/8/NangateOpenCellLibrary_typical_conditional_nldm_2267/element.ddc
/homes/rjobson/synopsys_cache_D-2010.03-SP4/DW01/DW01_inc/rpl/24/NangateOpenCellLibrary_typical_conditional_nldm_2267/element.ddc
/homes/rjobson/synopsys_cache_D-2010.03-SP4/DW01/DW01_sub/rpl/28/NangateOpenCellLibrary_typical_conditional_nldm_2267/element.ddc
/homes/rjobson/synopsys_cache_D-2010.03-SP4/DW01/DW01_add/rpl/28/NangateOpenCellLibrary_typical_conditional_nldm_2267/element.ddc
/homes/rjobson/synopsys_cache_D-2010.03-SP4/DW01/DW01_cmp2/rpl/27/NangateOpenCellLibrary_typical_conditional_nldm_2267/element.ddc
/homes/rjobson/synopsys_cache_D-2010.03-SP4/DW01/DW_rash/mx2/27/5/NangateOpenCellLibrary_typical_conditional_nldm_2267/element.ddc
/homes/rjobson/synopsys_cache_D-2010.03-SP4/DW01/DW01_sub/rpl/48/NangateOpenCellLibrary_typical_conditional_nldm_2267/element.ddc
/homes/rjobson/synopsys_cache_D-2010.03-SP4/DW01/DW01_sub/rpl/25/NangateOpenCellLibrary_typical_conditional_nldm_2267/element.ddc
/homes/rjobson/synopsys_cache_D-2010.03-SP4/DW01/DW01_sub/rpl/7/NangateOpenCellLibrary_typical_conditional_nldm_2267/element.ddc
/homes/rjobson/synopsys_cache_D-2010.03-SP4/DW01/DW01_add/rpl/50/NangateOpenCellLibrary_typical_conditional_nldm_2267/element.ddc
/homes/rjobson/synopsys_cache_D-2010.03-SP4/DW01/DW01_ash/mx2/24/5/NangateOpenCellLibrary_typical_conditional_nldm_2267/element.ddc
/homes/rjobson/synopsys_cache_D-2010.03-SP4/DW01/DW01_cmp6/rpl/23/NangateOpenCellLibrary_typical_conditional_nldm_2267/element.ddc
/homes/rjobson/synopsys_cache_D-2010.03-SP4/DW01/DW01_cmp6/rpl/8/NangateOpenCellLibrary_typical_conditional_nldm_2267/element.ddc
/homes/rjobson/synopsys_cache_D-2010.03-SP4/DW02/DW02_mult/csa/24/24/NangateOpenCellLibrary_typical_conditional_nldm_2267_8167_4702/element.ddc
/homes/rjobson/synopsys_cache_D-2010.03-SP4/DW01/DW01_add/rpl/8/NangateOpenCellLibrary_typical_conditional_nldm_2267_8167_4702/element.ddc
/homes/rjobson/synopsys_cache_D-2010.03-SP4/DW01/DW01_add/cla/8/NangateOpenCellLibrary_typical_conditional_nldm_2267_8167_4702/element.ddc
/homes/rjobson/synopsys_cache_D-2010.03-SP4/DW01/DW01_sub/rpl/8/NangateOpenCellLibrary_typical_conditional_nldm_2267_8167_4702/element.ddc
/homes/rjobson/synopsys_cache_D-2010.03-SP4/DW01/DW01_sub/cla/8/NangateOpenCellLibrary_typical_conditional_nldm_2267_8167_4702/element.ddc
/homes/rjobson/synopsys_cache_D-2010.03-SP4/DW02/DW02_mult/csa/24/24/NangateOpenCellLibrary_typical_conditional_nldm_2267/element.ddc
/homes/rjobson/synopsys_cache_D-2010.03-SP4/DW01/DW01_add/cla/46/NangateOpenCellLibrary_typical_conditional_nldm_2267_8167_4702/element.ddc
/homes/rjobson/synopsys_cache_D-2010.03-SP4/DW01/DW01_add/cla/46/NangateOpenCellLibrary_typical_conditional_nldm_2267/element.ddc
/homes/rjobson/synopsys_cache_D-2010.03-SP4/DW01/DW01_inc/cla/8/NangateOpenCellLibrary_typical_conditional_nldm_2267/element.ddc
/homes/rjobson/synopsys_cache_D-2010.03-SP4/DW01/DW01_inc/cla/24/NangateOpenCellLibrary_typical_conditional_nldm_2267/element.ddc
/homes/rjobson/synopsys_cache_D-2010.03-SP4/DW01/DW01_ash/mx2/48/6/NangateOpenCellLibrary_typical_conditional_nldm_2267/element.ddc
/homes/rjobson/synopsys_cache_D-2010.03-SP4/DW01/DW01_sub/rpl/9/NangateOpenCellLibrary_typical_conditional_nldm_2267_7183_4702/element.ddc
/homes/rjobson/synopsys_cache_D-2010.03-SP4/DW01/DW01_sub/cla/9/NangateOpenCellLibrary_typical_conditional_nldm_2267/element.ddc
/homes/rjobson/synopsys_cache_D-2010.03-SP4/DW01/DW01_sub/cla/9/NangateOpenCellLibrary_typical_conditional_nldm_2267_7183_4702/element.ddc
/homes/rjobson/synopsys_cache_D-2010.03-SP4/DW01/DW01_inc/cla/9/NangateOpenCellLibrary_typical_conditional_nldm_2267/element.ddc
/homes/rjobson/synopsys_cache_D-2010.03-SP4/DW01/DW01_add/cla/46/NangateOpenCellLibrary_typical_conditional_nldm_2267/element.ddc
/homes/rjobson/synopsys_cache_D-2010.03-SP4/DW01/DW_rash/mx2/48/6/NangateOpenCellLibrary_typical_conditional_nldm_2267/element.ddc
/homes/rjobson/synopsys_cache_D-2010.03-SP4/DW01/DW01_ash/mx2/56/8/NangateOpenCellLibrary_typical_conditional_nldm_2267/element.ddc
/homes/rjobson/synopsys_cache_D-2010.03-SP4/DW01/DW01_add/rpl/28/NangateOpenCellLibrary_typical_conditional_nldm_2267_7183_4702/element.ddc
/homes/rjobson/synopsys_cache_D-2010.03-SP4/DW01/DW01_add/cla/28/NangateOpenCellLibrary_typical_conditional_nldm_2267/element.ddc
/homes/rjobson/synopsys_cache_D-2010.03-SP4/DW01/DW01_add/cla/28/NangateOpenCellLibrary_typical_conditional_nldm_2267_7183_4702/element.ddc
/homes/rjobson/synopsys_cache_D-2010.03-SP4/DW01/DW01_sub/rpl/28/NangateOpenCellLibrary_typical_conditional_nldm_2267_7183_4702/element.ddc
/homes/rjobson/synopsys_cache_D-2010.03-SP4/DW01/DW01_sub/cla/28/NangateOpenCellLibrary_typical_conditional_nldm_2267/element.ddc
/homes/rjobson/synopsys_cache_D-2010.03-SP4/DW01/DW01_sub/cla/28/NangateOpenCellLibrary_typical_conditional_nldm_2267_7183_4702/element.ddc
/homes/rjobson/synopsys_cache_D-2010.03-SP4/DW01/DW_rash/mx2/27/5/NangateOpenCellLibrary_typical_conditional_nldm_2267/element.ddc
/homes/rjobson/synopsys_cache_D-2010.03-SP4/DW01/DW01_add/rpl/8/NangateOpenCellLibrary_typical_conditional_nldm_2267_7183_4702/element.ddc
/homes/rjobson/synopsys_cache_D-2010.03-SP4/DW01/DW01_add/cla/8/NangateOpenCellLibrary_typical_conditional_nldm_2267/element.ddc
/homes/rjobson/synopsys_cache_D-2010.03-SP4/DW01/DW01_add/cla/8/NangateOpenCellLibrary_typical_conditional_nldm_2267_7183_4702/element.ddc
/homes/rjobson/synopsys_cache_D-2010.03-SP4/DW01/DW01_add/rpl/9/NangateOpenCellLibrary_typical_conditional_nldm_2267_7183_4702/element.ddc
/homes/rjobson/synopsys_cache_D-2010.03-SP4/DW01/DW01_add/cla/9/NangateOpenCellLibrary_typical_conditional_nldm_2267/element.ddc
/homes/rjobson/synopsys_cache_D-2010.03-SP4/DW01/DW01_add/cla/9/NangateOpenCellLibrary_typical_conditional_nldm_2267_7183_4702/element.ddc
/homes/rjobson/synopsys_cache_D-2010.03-SP4/DW01/DW01_sub/rpl/8/NangateOpenCellLibrary_typical_conditional_nldm_2267_7183_4702/element.ddc
/homes/rjobson/synopsys_cache_D-2010.03-SP4/DW01/DW01_sub/cla/8/NangateOpenCellLibrary_typical_conditional_nldm_2267/element.ddc
/homes/rjobson/synopsys_cache_D-2010.03-SP4/DW01/DW01_sub/cla/8/NangateOpenCellLibrary_typical_conditional_nldm_2267_7183_4702/element.ddc
/files1/home/rjobson/synth/lib/NangateOpenCellLibrary_typical_conditional_nldm.db
/vol/synopsys/syn/auxx/syn/dc/timing_high_effort_script.tcl.e
/files1/home/rjobson/synth/lib/NangateOpenCellLibrary_typical_conditional_nldm.db
./alib-52/NangateOpenCellLibrary_typical_conditional_nldm.db.alib
/vol/synopsys/syn/libraries/syn/dw_foundation.sldb
/files1/home/rjobson/synth/lib/NangateOpenCellLibrary_typical_conditional_nldm.db
./alib-52/NangateOpenCellLibrary_typical_conditional_nldm.db.alib
/homes/rjobson/synopsys_cache_D-2010.03-SP4/DW01/DW01_add/pparch/28/NangateOpenCellLibrary_typical_conditional_nldm_2267_7183_4702/element.ddc
/homes/rjobson/synopsys_cache_D-2010.03-SP4/DW01/DW01_sub/pparch/28/NangateOpenCellLibrary_typical_conditional_nldm_2267_7183_4702/element.ddc
/homes/rjobson/synopsys_cache_D-2010.03-SP4/DW01/DW01_ash/str/24/5/NangateOpenCellLibrary_typical_conditional_nldm_2267_7183_4702/element.ddc
